[2023-05-07 10:38:30.4330]|Yuval|INFO|Microsoft.Hosting.Lifetime|Now listening on: https://localhost:5001 
[2023-05-07 10:38:30.4737]|Yuval|INFO|Microsoft.Hosting.Lifetime|Now listening on: http://localhost:5256 
[2023-05-07 10:38:30.4737]|Yuval|INFO|Microsoft.Hosting.Lifetime|Application started. Press Ctrl+C to shut down. 
[2023-05-07 10:38:30.4737]|Yuval|INFO|Microsoft.Hosting.Lifetime|Hosting environment: Development 
[2023-05-07 10:38:30.4737]|Yuval|INFO|Microsoft.Hosting.Lifetime|Content root path: C:\Users\Yuval\OneDrive\المستندات\קורס תכנות\TerminalApi 
[2023-05-07 10:40:14.4215]|Yuval|INFO|Microsoft.Hosting.Lifetime|Now listening on: https://localhost:5001 
[2023-05-07 10:40:14.4875]|Yuval|INFO|Microsoft.Hosting.Lifetime|Now listening on: http://localhost:5256 
[2023-05-07 10:40:14.4875]|Yuval|INFO|Microsoft.Hosting.Lifetime|Application started. Press Ctrl+C to shut down. 
[2023-05-07 10:40:14.4875]|Yuval|INFO|Microsoft.Hosting.Lifetime|Hosting environment: Development 
[2023-05-07 10:40:14.4875]|Yuval|INFO|Microsoft.Hosting.Lifetime|Content root path: C:\Users\Yuval\OneDrive\المستندات\קורס תכנות\TerminalApi 
[2023-05-07 10:45:56.5272]|Yuval|INFO|Microsoft.Hosting.Lifetime|Now listening on: https://localhost:5001 
[2023-05-07 10:45:56.5882]|Yuval|INFO|Microsoft.Hosting.Lifetime|Now listening on: http://localhost:5256 
[2023-05-07 10:45:56.5882]|Yuval|INFO|Microsoft.Hosting.Lifetime|Application started. Press Ctrl+C to shut down. 
[2023-05-07 10:45:56.5882]|Yuval|INFO|Microsoft.Hosting.Lifetime|Hosting environment: Development 
[2023-05-07 10:45:56.5882]|Yuval|INFO|Microsoft.Hosting.Lifetime|Content root path: C:\Users\Yuval\OneDrive\المستندات\קורס תכנות\TerminalApi 
[2023-05-07 10:48:35.2659]|Yuval|INFO|Microsoft.Hosting.Lifetime|Now listening on: https://localhost:5001 
[2023-05-07 10:48:35.3156]|Yuval|INFO|Microsoft.Hosting.Lifetime|Now listening on: http://localhost:5256 
[2023-05-07 10:48:35.3156]|Yuval|INFO|Microsoft.Hosting.Lifetime|Application started. Press Ctrl+C to shut down. 
[2023-05-07 10:48:35.3156]|Yuval|INFO|Microsoft.Hosting.Lifetime|Hosting environment: Development 
[2023-05-07 10:48:35.3156]|Yuval|INFO|Microsoft.Hosting.Lifetime|Content root path: C:\Users\Yuval\OneDrive\المستندات\קורס תכנות\TerminalApi 
[2023-05-07 10:51:16.1802]|Yuval|INFO|Microsoft.Hosting.Lifetime|Now listening on: https://localhost:5001 
[2023-05-07 10:51:16.2497]|Yuval|INFO|Microsoft.Hosting.Lifetime|Now listening on: http://localhost:5256 
[2023-05-07 10:51:16.2537]|Yuval|INFO|Microsoft.Hosting.Lifetime|Application started. Press Ctrl+C to shut down. 
[2023-05-07 10:51:16.2537]|Yuval|INFO|Microsoft.Hosting.Lifetime|Hosting environment: Development 
[2023-05-07 10:51:16.2537]|Yuval|INFO|Microsoft.Hosting.Lifetime|Content root path: C:\Users\Yuval\OneDrive\المستندات\קורס תכנות\TerminalApi 
[2023-05-07 10:53:18.0798]|Yuval|INFO|Microsoft.Hosting.Lifetime|Now listening on: https://localhost:5001 
[2023-05-07 10:53:18.1446]|Yuval|INFO|Microsoft.Hosting.Lifetime|Now listening on: http://localhost:5256 
[2023-05-07 10:53:18.1446]|Yuval|INFO|Microsoft.Hosting.Lifetime|Application started. Press Ctrl+C to shut down. 
[2023-05-07 10:53:18.1446]|Yuval|INFO|Microsoft.Hosting.Lifetime|Hosting environment: Development 
[2023-05-07 10:53:18.1446]|Yuval|INFO|Microsoft.Hosting.Lifetime|Content root path: C:\Users\Yuval\OneDrive\المستندات\קורס תכנות\TerminalApi 
[2023-05-07 10:54:53.8323]|Yuval|INFO|Microsoft.Hosting.Lifetime|Now listening on: https://localhost:5001 
[2023-05-07 10:54:53.9013]|Yuval|INFO|Microsoft.Hosting.Lifetime|Now listening on: http://localhost:5256 
[2023-05-07 10:54:53.9081]|Yuval|INFO|Microsoft.Hosting.Lifetime|Application started. Press Ctrl+C to shut down. 
[2023-05-07 10:54:53.9081]|Yuval|INFO|Microsoft.Hosting.Lifetime|Hosting environment: Development 
[2023-05-07 10:54:53.9081]|Yuval|INFO|Microsoft.Hosting.Lifetime|Content root path: C:\Users\Yuval\OneDrive\المستندات\קורס תכנות\TerminalApi 
[2023-05-07 10:58:45.5583]|Yuval|INFO|Microsoft.Hosting.Lifetime|Now listening on: https://localhost:5001 
[2023-05-07 10:58:45.6071]|Yuval|INFO|Microsoft.Hosting.Lifetime|Now listening on: http://localhost:5256 
[2023-05-07 10:58:45.6121]|Yuval|INFO|Microsoft.Hosting.Lifetime|Application started. Press Ctrl+C to shut down. 
[2023-05-07 10:58:45.6121]|Yuval|INFO|Microsoft.Hosting.Lifetime|Hosting environment: Development 
[2023-05-07 10:58:45.6121]|Yuval|INFO|Microsoft.Hosting.Lifetime|Content root path: C:\Users\Yuval\OneDrive\المستندات\קורס תכנות\TerminalApi 
[2023-05-07 11:07:47.1182]|Yuval|INFO|Microsoft.Hosting.Lifetime|Now listening on: https://localhost:5001 
[2023-05-07 11:07:47.1869]|Yuval|INFO|Microsoft.Hosting.Lifetime|Now listening on: http://localhost:5256 
[2023-05-07 11:07:47.1926]|Yuval|INFO|Microsoft.Hosting.Lifetime|Application started. Press Ctrl+C to shut down. 
[2023-05-07 11:07:47.1926]|Yuval|INFO|Microsoft.Hosting.Lifetime|Hosting environment: Development 
[2023-05-07 11:07:47.1926]|Yuval|INFO|Microsoft.Hosting.Lifetime|Content root path: C:\Users\Yuval\OneDrive\المستندات\קורס תכנות\TerminalApi 
[2023-05-07 11:08:32.4487]|Yuval|INFO|Microsoft.Hosting.Lifetime|Now listening on: https://localhost:5001 
[2023-05-07 11:08:32.5442]|Yuval|INFO|Microsoft.Hosting.Lifetime|Now listening on: http://localhost:5256 
[2023-05-07 11:08:32.5540]|Yuval|INFO|Microsoft.Hosting.Lifetime|Application started. Press Ctrl+C to shut down. 
[2023-05-07 11:08:32.5540]|Yuval|INFO|Microsoft.Hosting.Lifetime|Hosting environment: Development 
[2023-05-07 11:08:32.5540]|Yuval|INFO|Microsoft.Hosting.Lifetime|Content root path: C:\Users\Yuval\OneDrive\المستندات\קורס תכנות\TerminalApi 
[2023-05-07 11:08:57.4855]|Yuval|INFO|Microsoft.Hosting.Lifetime|Now listening on: https://localhost:5001 
[2023-05-07 11:08:57.5363]|Yuval|INFO|Microsoft.Hosting.Lifetime|Now listening on: http://localhost:5256 
[2023-05-07 11:08:57.5363]|Yuval|INFO|Microsoft.Hosting.Lifetime|Application started. Press Ctrl+C to shut down. 
[2023-05-07 11:08:57.5363]|Yuval|INFO|Microsoft.Hosting.Lifetime|Hosting environment: Development 
[2023-05-07 11:08:57.5363]|Yuval|INFO|Microsoft.Hosting.Lifetime|Content root path: C:\Users\Yuval\OneDrive\المستندات\קורס תכנות\TerminalApi 
[2023-05-07 11:09:43.9278]|Yuval|INFO|Microsoft.Hosting.Lifetime|Now listening on: https://localhost:5001 
[2023-05-07 11:09:44.0339]|Yuval|INFO|Microsoft.Hosting.Lifetime|Now listening on: http://localhost:5256 
[2023-05-07 11:09:44.0494]|Yuval|INFO|Microsoft.Hosting.Lifetime|Application started. Press Ctrl+C to shut down. 
[2023-05-07 11:09:44.0494]|Yuval|INFO|Microsoft.Hosting.Lifetime|Hosting environment: Development 
[2023-05-07 11:09:44.0494]|Yuval|INFO|Microsoft.Hosting.Lifetime|Content root path: C:\Users\Yuval\OneDrive\المستندات\קורס תכנות\TerminalApi 
[2023-05-07 11:10:22.2505]|Yuval|INFO|Microsoft.Hosting.Lifetime|Now listening on: https://localhost:5001 
[2023-05-07 11:10:22.3182]|Yuval|INFO|Microsoft.Hosting.Lifetime|Now listening on: http://localhost:5256 
[2023-05-07 11:10:22.3182]|Yuval|INFO|Microsoft.Hosting.Lifetime|Application started. Press Ctrl+C to shut down. 
[2023-05-07 11:10:22.3182]|Yuval|INFO|Microsoft.Hosting.Lifetime|Hosting environment: Development 
[2023-05-07 11:10:22.3182]|Yuval|INFO|Microsoft.Hosting.Lifetime|Content root path: C:\Users\Yuval\OneDrive\المستندات\קורס תכנות\TerminalApi 
[2023-05-07 11:11:22.1258]|Yuval|INFO|Microsoft.Hosting.Lifetime|Now listening on: https://localhost:5001 
[2023-05-07 11:11:22.1907]|Yuval|INFO|Microsoft.Hosting.Lifetime|Now listening on: http://localhost:5256 
[2023-05-07 11:11:22.1907]|Yuval|INFO|Microsoft.Hosting.Lifetime|Application started. Press Ctrl+C to shut down. 
[2023-05-07 11:11:22.1907]|Yuval|INFO|Microsoft.Hosting.Lifetime|Hosting environment: Development 
[2023-05-07 11:11:22.1907]|Yuval|INFO|Microsoft.Hosting.Lifetime|Content root path: C:\Users\Yuval\OneDrive\المستندات\קורס תכנות\TerminalApi 
[2023-05-07 11:12:51.4477]|Yuval|INFO|Microsoft.Hosting.Lifetime|Now listening on: https://localhost:5001 
[2023-05-07 11:12:51.5196]|Yuval|INFO|Microsoft.Hosting.Lifetime|Now listening on: http://localhost:5256 
[2023-05-07 11:12:51.5196]|Yuval|INFO|Microsoft.Hosting.Lifetime|Application started. Press Ctrl+C to shut down. 
[2023-05-07 11:12:51.5196]|Yuval|INFO|Microsoft.Hosting.Lifetime|Hosting environment: Development 
[2023-05-07 11:12:51.5196]|Yuval|INFO|Microsoft.Hosting.Lifetime|Content root path: C:\Users\Yuval\OneDrive\المستندات\קורס תכנות\TerminalApi 
[2023-05-07 21:50:04.1557]|Yuval|INFO|Microsoft.Hosting.Lifetime|Now listening on: https://localhost:5001 
[2023-05-07 21:50:04.2122]|Yuval|INFO|Microsoft.Hosting.Lifetime|Now listening on: http://localhost:5256 
[2023-05-07 21:50:04.2122]|Yuval|INFO|Microsoft.Hosting.Lifetime|Application started. Press Ctrl+C to shut down. 
[2023-05-07 21:50:04.2203]|Yuval|INFO|Microsoft.Hosting.Lifetime|Hosting environment: Development 
[2023-05-07 21:50:04.2203]|Yuval|INFO|Microsoft.Hosting.Lifetime|Content root path: C:\Users\Yuval\OneDrive\المستندات\קורס תכנות\TerminalApi 
[2023-05-07 21:58:59.1895]|Yuval|INFO|Microsoft.Hosting.Lifetime|Now listening on: https://localhost:5001 
[2023-05-07 21:58:59.2381]|Yuval|INFO|Microsoft.Hosting.Lifetime|Now listening on: http://localhost:5256 
[2023-05-07 21:58:59.2381]|Yuval|INFO|Microsoft.Hosting.Lifetime|Application started. Press Ctrl+C to shut down. 
[2023-05-07 21:58:59.2381]|Yuval|INFO|Microsoft.Hosting.Lifetime|Hosting environment: Development 
[2023-05-07 21:58:59.2381]|Yuval|INFO|Microsoft.Hosting.Lifetime|Content root path: C:\Users\Yuval\OneDrive\المستندات\קורס תכנות\TerminalApi 
[2023-05-07 22:04:26.0984]|Yuval|INFO|Microsoft.Hosting.Lifetime|Now listening on: https://localhost:5001 
[2023-05-07 22:04:26.1515]|Yuval|INFO|Microsoft.Hosting.Lifetime|Now listening on: http://localhost:5256 
[2023-05-07 22:04:26.1568]|Yuval|INFO|Microsoft.Hosting.Lifetime|Application started. Press Ctrl+C to shut down. 
[2023-05-07 22:04:26.1568]|Yuval|INFO|Microsoft.Hosting.Lifetime|Hosting environment: Development 
[2023-05-07 22:04:26.1568]|Yuval|INFO|Microsoft.Hosting.Lifetime|Content root path: C:\Users\Yuval\OneDrive\المستندات\קורס תכנות\TerminalApi 
[2023-05-07 22:05:50.8462]|Yuval|INFO|Microsoft.Hosting.Lifetime|Now listening on: https://localhost:5001 
[2023-05-07 22:05:50.8875]|Yuval|INFO|Microsoft.Hosting.Lifetime|Now listening on: http://localhost:5256 
[2023-05-07 22:05:50.8875]|Yuval|INFO|Microsoft.Hosting.Lifetime|Application started. Press Ctrl+C to shut down. 
[2023-05-07 22:05:50.8935]|Yuval|INFO|Microsoft.Hosting.Lifetime|Hosting environment: Development 
[2023-05-07 22:05:50.8935]|Yuval|INFO|Microsoft.Hosting.Lifetime|Content root path: C:\Users\Yuval\OneDrive\المستندات\קורס תכנות\TerminalApi 
[2023-05-07 22:14:17.3160]|Yuval|INFO|Microsoft.Hosting.Lifetime|Now listening on: https://localhost:5001 
[2023-05-07 22:14:17.3771]|Yuval|INFO|Microsoft.Hosting.Lifetime|Now listening on: http://localhost:5256 
[2023-05-07 22:14:17.3771]|Yuval|INFO|Microsoft.Hosting.Lifetime|Application started. Press Ctrl+C to shut down. 
[2023-05-07 22:14:17.3771]|Yuval|INFO|Microsoft.Hosting.Lifetime|Hosting environment: Development 
[2023-05-07 22:14:17.3771]|Yuval|INFO|Microsoft.Hosting.Lifetime|Content root path: C:\Users\Yuval\OneDrive\المستندات\קורס תכנות\TerminalApi 
[2023-05-07 22:18:28.6830]|Yuval|INFO|Microsoft.Hosting.Lifetime|Now listening on: https://localhost:5001 
[2023-05-07 22:18:28.7159]|Yuval|INFO|Microsoft.Hosting.Lifetime|Now listening on: http://localhost:5256 
[2023-05-07 22:18:28.7200]|Yuval|INFO|Microsoft.Hosting.Lifetime|Application started. Press Ctrl+C to shut down. 
[2023-05-07 22:18:28.7200]|Yuval|INFO|Microsoft.Hosting.Lifetime|Hosting environment: Development 
[2023-05-07 22:18:28.7200]|Yuval|INFO|Microsoft.Hosting.Lifetime|Content root path: C:\Users\Yuval\OneDrive\المستندات\קורס תכנות\TerminalApi 
[2023-05-07 22:44:45.3396]|Yuval|INFO|Microsoft.Hosting.Lifetime|Now listening on: https://localhost:5001 
[2023-05-07 22:44:45.4184]|Yuval|INFO|Microsoft.Hosting.Lifetime|Now listening on: http://localhost:5256 
[2023-05-07 22:44:45.4263]|Yuval|INFO|Microsoft.Hosting.Lifetime|Application started. Press Ctrl+C to shut down. 
[2023-05-07 22:44:45.4263]|Yuval|INFO|Microsoft.Hosting.Lifetime|Hosting environment: Development 
[2023-05-07 22:44:45.4263]|Yuval|INFO|Microsoft.Hosting.Lifetime|Content root path: C:\Users\Yuval\OneDrive\المستندات\קורס תכנות\TerminalApi 
[2023-05-07 22:49:49.1600]|Yuval|INFO|Microsoft.Hosting.Lifetime|Now listening on: https://localhost:5001 
[2023-05-07 22:49:49.2722]|Yuval|INFO|Microsoft.Hosting.Lifetime|Now listening on: http://localhost:5256 
[2023-05-07 22:49:49.2838]|Yuval|INFO|Microsoft.Hosting.Lifetime|Application started. Press Ctrl+C to shut down. 
[2023-05-07 22:49:49.2838]|Yuval|INFO|Microsoft.Hosting.Lifetime|Hosting environment: Development 
[2023-05-07 22:49:49.2838]|Yuval|INFO|Microsoft.Hosting.Lifetime|Content root path: C:\Users\Yuval\OneDrive\المستندات\קורס תכנות\TerminalApi 
[2023-05-07 23:41:52.1592]|Yuval|INFO|Microsoft.Hosting.Lifetime|Now listening on: https://localhost:5001 
[2023-05-07 23:41:52.2158]|Yuval|INFO|Microsoft.Hosting.Lifetime|Now listening on: http://localhost:5256 
[2023-05-07 23:41:52.2211]|Yuval|INFO|Microsoft.Hosting.Lifetime|Application started. Press Ctrl+C to shut down. 
[2023-05-07 23:41:52.2211]|Yuval|INFO|Microsoft.Hosting.Lifetime|Hosting environment: Development 
[2023-05-07 23:41:52.2211]|Yuval|INFO|Microsoft.Hosting.Lifetime|Content root path: C:\Users\Yuval\OneDrive\المستندات\קורס תכנות\TerminalApi 
