[2023-05-08 20:12:04.3812]|Yuval|INFO|Microsoft.Hosting.Lifetime|Now listening on: https://localhost:5001 
[2023-05-08 20:12:04.4299]|Yuval|INFO|Microsoft.Hosting.Lifetime|Now listening on: http://localhost:5256 
[2023-05-08 20:12:04.4299]|Yuval|INFO|Microsoft.Hosting.Lifetime|Application started. Press Ctrl+C to shut down. 
[2023-05-08 20:12:04.4299]|Yuval|INFO|Microsoft.Hosting.Lifetime|Hosting environment: Development 
[2023-05-08 20:12:04.4299]|Yuval|INFO|Microsoft.Hosting.Lifetime|Content root path: C:\Users\Yuval\OneDrive\المستندات\קורס תכנות\TerminalApi 
[2023-05-08 20:14:14.5656]|Yuval|INFO|Microsoft.Hosting.Lifetime|Now listening on: https://localhost:5001 
[2023-05-08 20:14:14.6375]|Yuval|INFO|Microsoft.Hosting.Lifetime|Now listening on: http://localhost:5256 
[2023-05-08 20:14:14.6433]|Yuval|INFO|Microsoft.Hosting.Lifetime|Application started. Press Ctrl+C to shut down. 
[2023-05-08 20:14:14.6433]|Yuval|INFO|Microsoft.Hosting.Lifetime|Hosting environment: Development 
[2023-05-08 20:14:14.6433]|Yuval|INFO|Microsoft.Hosting.Lifetime|Content root path: C:\Users\Yuval\OneDrive\المستندات\קורס תכנות\TerminalApi 
[2023-05-08 20:29:14.7707]|Yuval|INFO|Microsoft.Hosting.Lifetime|Now listening on: https://localhost:5001 
[2023-05-08 20:29:14.8150]|Yuval|INFO|Microsoft.Hosting.Lifetime|Now listening on: http://localhost:5256 
[2023-05-08 20:29:14.8150]|Yuval|INFO|Microsoft.Hosting.Lifetime|Application started. Press Ctrl+C to shut down. 
[2023-05-08 20:29:14.8150]|Yuval|INFO|Microsoft.Hosting.Lifetime|Hosting environment: Development 
[2023-05-08 20:29:14.8150]|Yuval|INFO|Microsoft.Hosting.Lifetime|Content root path: C:\Users\Yuval\OneDrive\المستندات\קורס תכנות\TerminalApi 
[2023-05-08 20:31:45.9068]|Yuval|INFO|Microsoft.Hosting.Lifetime|Now listening on: https://localhost:5001 
[2023-05-08 20:31:45.9594]|Yuval|INFO|Microsoft.Hosting.Lifetime|Now listening on: http://localhost:5256 
[2023-05-08 20:31:45.9594]|Yuval|INFO|Microsoft.Hosting.Lifetime|Application started. Press Ctrl+C to shut down. 
[2023-05-08 20:31:45.9594]|Yuval|INFO|Microsoft.Hosting.Lifetime|Hosting environment: Development 
[2023-05-08 20:31:45.9594]|Yuval|INFO|Microsoft.Hosting.Lifetime|Content root path: C:\Users\Yuval\OneDrive\المستندات\קורס תכנות\TerminalApi 
[2023-05-08 20:36:09.8977]|Yuval|INFO|Microsoft.Hosting.Lifetime|Now listening on: https://localhost:5001 
[2023-05-08 20:36:09.9837]|Yuval|INFO|Microsoft.Hosting.Lifetime|Now listening on: http://localhost:5256 
[2023-05-08 20:36:09.9893]|Yuval|INFO|Microsoft.Hosting.Lifetime|Application started. Press Ctrl+C to shut down. 
[2023-05-08 20:36:09.9893]|Yuval|INFO|Microsoft.Hosting.Lifetime|Hosting environment: Development 
[2023-05-08 20:36:09.9893]|Yuval|INFO|Microsoft.Hosting.Lifetime|Content root path: C:\Users\Yuval\OneDrive\المستندات\קורס תכנות\TerminalApi 
[2023-05-08 20:53:01.3241]|Yuval|INFO|Microsoft.Hosting.Lifetime|Now listening on: https://localhost:5001 
[2023-05-08 20:53:01.4271]|Yuval|INFO|Microsoft.Hosting.Lifetime|Now listening on: http://localhost:5256 
[2023-05-08 20:53:01.4271]|Yuval|INFO|Microsoft.Hosting.Lifetime|Application started. Press Ctrl+C to shut down. 
[2023-05-08 20:53:01.4271]|Yuval|INFO|Microsoft.Hosting.Lifetime|Hosting environment: Development 
[2023-05-08 20:53:01.4391]|Yuval|INFO|Microsoft.Hosting.Lifetime|Content root path: C:\Users\Yuval\OneDrive\المستندات\קורס תכנות\TerminalApi 
[2023-05-08 20:58:22.1434]|Yuval|INFO|Microsoft.Hosting.Lifetime|Now listening on: https://localhost:5001 
[2023-05-08 20:58:22.2234]|Yuval|INFO|Microsoft.Hosting.Lifetime|Now listening on: http://localhost:5256 
[2023-05-08 20:58:22.2234]|Yuval|INFO|Microsoft.Hosting.Lifetime|Application started. Press Ctrl+C to shut down. 
[2023-05-08 20:58:22.2362]|Yuval|INFO|Microsoft.Hosting.Lifetime|Hosting environment: Development 
[2023-05-08 20:58:22.2362]|Yuval|INFO|Microsoft.Hosting.Lifetime|Content root path: C:\Users\Yuval\OneDrive\المستندات\קורס תכנות\TerminalApi 
[2023-05-08 21:30:28.9569]|Yuval|INFO|Microsoft.Hosting.Lifetime|Now listening on: https://localhost:5001 
[2023-05-08 21:30:29.0183]|Yuval|INFO|Microsoft.Hosting.Lifetime|Now listening on: http://localhost:5256 
[2023-05-08 21:30:29.0183]|Yuval|INFO|Microsoft.Hosting.Lifetime|Application started. Press Ctrl+C to shut down. 
[2023-05-08 21:30:29.0183]|Yuval|INFO|Microsoft.Hosting.Lifetime|Hosting environment: Development 
[2023-05-08 21:30:29.0183]|Yuval|INFO|Microsoft.Hosting.Lifetime|Content root path: C:\Users\Yuval\OneDrive\المستندات\קורס תכנות\TerminalApi 
[2023-05-08 21:38:30.0028]|Yuval|INFO|Microsoft.Hosting.Lifetime|Now listening on: https://localhost:5001 
[2023-05-08 21:38:30.0738]|Yuval|INFO|Microsoft.Hosting.Lifetime|Now listening on: http://localhost:5256 
[2023-05-08 21:38:30.0790]|Yuval|INFO|Microsoft.Hosting.Lifetime|Application started. Press Ctrl+C to shut down. 
[2023-05-08 21:38:30.0790]|Yuval|INFO|Microsoft.Hosting.Lifetime|Hosting environment: Development 
[2023-05-08 21:38:30.0790]|Yuval|INFO|Microsoft.Hosting.Lifetime|Content root path: C:\Users\Yuval\OneDrive\المستندات\קורס תכנות\TerminalApi 
[2023-05-08 21:41:22.7732]|Yuval|INFO|Microsoft.Hosting.Lifetime|Now listening on: https://localhost:5001 
[2023-05-08 21:41:22.8773]|Yuval|INFO|Microsoft.Hosting.Lifetime|Now listening on: http://localhost:5256 
[2023-05-08 21:41:22.8773]|Yuval|INFO|Microsoft.Hosting.Lifetime|Application started. Press Ctrl+C to shut down. 
[2023-05-08 21:41:22.8938]|Yuval|INFO|Microsoft.Hosting.Lifetime|Hosting environment: Development 
[2023-05-08 21:41:22.8938]|Yuval|INFO|Microsoft.Hosting.Lifetime|Content root path: C:\Users\Yuval\OneDrive\المستندات\קורס תכנות\TerminalApi 
[2023-05-08 22:01:33.5607]|Yuval|INFO|Microsoft.Hosting.Lifetime|Now listening on: https://localhost:5001 
[2023-05-08 22:01:33.6922]|Yuval|INFO|Microsoft.Hosting.Lifetime|Now listening on: http://localhost:5256 
[2023-05-08 22:01:33.7224]|Yuval|INFO|Microsoft.Hosting.Lifetime|Application started. Press Ctrl+C to shut down. 
[2023-05-08 22:01:33.7224]|Yuval|INFO|Microsoft.Hosting.Lifetime|Hosting environment: Development 
[2023-05-08 22:01:33.7224]|Yuval|INFO|Microsoft.Hosting.Lifetime|Content root path: C:\Users\Yuval\OneDrive\المستندات\קורס תכנות\TerminalApi 
[2023-05-08 22:04:00.3037]|Yuval|INFO|Microsoft.Hosting.Lifetime|Now listening on: https://localhost:5001 
[2023-05-08 22:04:00.3666]|Yuval|INFO|Microsoft.Hosting.Lifetime|Now listening on: http://localhost:5256 
[2023-05-08 22:04:00.3666]|Yuval|INFO|Microsoft.Hosting.Lifetime|Application started. Press Ctrl+C to shut down. 
[2023-05-08 22:04:00.3759]|Yuval|INFO|Microsoft.Hosting.Lifetime|Hosting environment: Development 
[2023-05-08 22:04:00.3759]|Yuval|INFO|Microsoft.Hosting.Lifetime|Content root path: C:\Users\Yuval\OneDrive\المستندات\קורס תכנות\TerminalApi 
[2023-05-08 22:04:34.1379]|Yuval|INFO|Microsoft.Hosting.Lifetime|Now listening on: https://localhost:5001 
[2023-05-08 22:04:34.2048]|Yuval|INFO|Microsoft.Hosting.Lifetime|Now listening on: http://localhost:5256 
[2023-05-08 22:04:34.2048]|Yuval|INFO|Microsoft.Hosting.Lifetime|Application started. Press Ctrl+C to shut down. 
[2023-05-08 22:04:34.2048]|Yuval|INFO|Microsoft.Hosting.Lifetime|Hosting environment: Development 
[2023-05-08 22:04:34.2048]|Yuval|INFO|Microsoft.Hosting.Lifetime|Content root path: C:\Users\Yuval\OneDrive\المستندات\קורס תכנות\TerminalApi 
[2023-05-08 22:06:54.6712]|Yuval|INFO|Microsoft.Hosting.Lifetime|Now listening on: https://localhost:5001 
[2023-05-08 22:06:54.7513]|Yuval|INFO|Microsoft.Hosting.Lifetime|Now listening on: http://localhost:5256 
[2023-05-08 22:06:54.7513]|Yuval|INFO|Microsoft.Hosting.Lifetime|Application started. Press Ctrl+C to shut down. 
[2023-05-08 22:06:54.7513]|Yuval|INFO|Microsoft.Hosting.Lifetime|Hosting environment: Development 
[2023-05-08 22:06:54.7513]|Yuval|INFO|Microsoft.Hosting.Lifetime|Content root path: C:\Users\Yuval\OneDrive\المستندات\קורס תכנות\TerminalApi 
[2023-05-08 22:07:34.2198]|Yuval|INFO|Microsoft.Hosting.Lifetime|Now listening on: https://localhost:5001 
[2023-05-08 22:07:34.3039]|Yuval|INFO|Microsoft.Hosting.Lifetime|Now listening on: http://localhost:5256 
[2023-05-08 22:07:34.3039]|Yuval|INFO|Microsoft.Hosting.Lifetime|Application started. Press Ctrl+C to shut down. 
[2023-05-08 22:07:34.3039]|Yuval|INFO|Microsoft.Hosting.Lifetime|Hosting environment: Development 
[2023-05-08 22:07:34.3136]|Yuval|INFO|Microsoft.Hosting.Lifetime|Content root path: C:\Users\Yuval\OneDrive\المستندات\קורס תכנות\TerminalApi 
[2023-05-08 22:08:56.9957]|Yuval|INFO|Microsoft.Hosting.Lifetime|Now listening on: https://localhost:5001 
[2023-05-08 22:08:57.0519]|Yuval|INFO|Microsoft.Hosting.Lifetime|Now listening on: http://localhost:5256 
[2023-05-08 22:08:57.0519]|Yuval|INFO|Microsoft.Hosting.Lifetime|Application started. Press Ctrl+C to shut down. 
[2023-05-08 22:08:57.0519]|Yuval|INFO|Microsoft.Hosting.Lifetime|Hosting environment: Development 
[2023-05-08 22:08:57.0519]|Yuval|INFO|Microsoft.Hosting.Lifetime|Content root path: C:\Users\Yuval\OneDrive\المستندات\קורס תכנות\TerminalApi 
[2023-05-08 22:09:52.0673]|Yuval|INFO|Microsoft.Hosting.Lifetime|Now listening on: https://localhost:5001 
[2023-05-08 22:09:52.2103]|Yuval|INFO|Microsoft.Hosting.Lifetime|Now listening on: http://localhost:5256 
[2023-05-08 22:09:52.2103]|Yuval|INFO|Microsoft.Hosting.Lifetime|Application started. Press Ctrl+C to shut down. 
[2023-05-08 22:09:52.2199]|Yuval|INFO|Microsoft.Hosting.Lifetime|Hosting environment: Development 
[2023-05-08 22:09:52.2199]|Yuval|INFO|Microsoft.Hosting.Lifetime|Content root path: C:\Users\Yuval\OneDrive\المستندات\קורס תכנות\TerminalApi 
[2023-05-08 22:11:08.0806]|Yuval|INFO|Microsoft.Hosting.Lifetime|Now listening on: https://localhost:5001 
[2023-05-08 22:11:08.1607]|Yuval|INFO|Microsoft.Hosting.Lifetime|Now listening on: http://localhost:5256 
[2023-05-08 22:11:08.1607]|Yuval|INFO|Microsoft.Hosting.Lifetime|Application started. Press Ctrl+C to shut down. 
[2023-05-08 22:11:08.1740]|Yuval|INFO|Microsoft.Hosting.Lifetime|Hosting environment: Development 
[2023-05-08 22:11:08.1740]|Yuval|INFO|Microsoft.Hosting.Lifetime|Content root path: C:\Users\Yuval\OneDrive\المستندات\קורס תכנות\TerminalApi 
[2023-05-08 22:12:30.7497]|Yuval|INFO|Microsoft.Hosting.Lifetime|Now listening on: https://localhost:5001 
[2023-05-08 22:12:30.8318]|Yuval|INFO|Microsoft.Hosting.Lifetime|Now listening on: http://localhost:5256 
[2023-05-08 22:12:30.8318]|Yuval|INFO|Microsoft.Hosting.Lifetime|Application started. Press Ctrl+C to shut down. 
[2023-05-08 22:12:30.8318]|Yuval|INFO|Microsoft.Hosting.Lifetime|Hosting environment: Development 
[2023-05-08 22:12:30.8446]|Yuval|INFO|Microsoft.Hosting.Lifetime|Content root path: C:\Users\Yuval\OneDrive\المستندات\קורס תכנות\TerminalApi 
[2023-05-08 22:18:46.3075]|Yuval|INFO|Microsoft.Hosting.Lifetime|Now listening on: https://localhost:5001 
[2023-05-08 22:18:46.4167]|Yuval|INFO|Microsoft.Hosting.Lifetime|Now listening on: http://localhost:5256 
[2023-05-08 22:18:46.4243]|Yuval|INFO|Microsoft.Hosting.Lifetime|Application started. Press Ctrl+C to shut down. 
[2023-05-08 22:18:46.4243]|Yuval|INFO|Microsoft.Hosting.Lifetime|Hosting environment: Development 
[2023-05-08 22:18:46.4243]|Yuval|INFO|Microsoft.Hosting.Lifetime|Content root path: C:\Users\Yuval\OneDrive\المستندات\קורס תכנות\TerminalApi 
[2023-05-08 22:26:54.1052]|Yuval|INFO|Microsoft.Hosting.Lifetime|Now listening on: https://localhost:5001 
[2023-05-08 22:26:54.1790]|Yuval|INFO|Microsoft.Hosting.Lifetime|Now listening on: http://localhost:5256 
[2023-05-08 22:26:54.1790]|Yuval|INFO|Microsoft.Hosting.Lifetime|Application started. Press Ctrl+C to shut down. 
[2023-05-08 22:26:54.1790]|Yuval|INFO|Microsoft.Hosting.Lifetime|Hosting environment: Development 
[2023-05-08 22:26:54.1878]|Yuval|INFO|Microsoft.Hosting.Lifetime|Content root path: C:\Users\Yuval\OneDrive\المستندات\קורס תכנות\TerminalApi 
[2023-05-08 22:30:04.9018]|Yuval|INFO|Microsoft.Hosting.Lifetime|Now listening on: https://localhost:5001 
[2023-05-08 22:30:04.9976]|Yuval|INFO|Microsoft.Hosting.Lifetime|Now listening on: http://localhost:5256 
[2023-05-08 22:30:05.0065]|Yuval|INFO|Microsoft.Hosting.Lifetime|Application started. Press Ctrl+C to shut down. 
[2023-05-08 22:30:05.0065]|Yuval|INFO|Microsoft.Hosting.Lifetime|Hosting environment: Development 
[2023-05-08 22:30:05.0065]|Yuval|INFO|Microsoft.Hosting.Lifetime|Content root path: C:\Users\Yuval\OneDrive\المستندات\קורס תכנות\TerminalApi 
[2023-05-08 22:33:02.2720]|Yuval|INFO|Microsoft.Hosting.Lifetime|Now listening on: https://localhost:5001 
[2023-05-08 22:33:02.3560]|Yuval|INFO|Microsoft.Hosting.Lifetime|Now listening on: http://localhost:5256 
[2023-05-08 22:33:02.3614]|Yuval|INFO|Microsoft.Hosting.Lifetime|Application started. Press Ctrl+C to shut down. 
[2023-05-08 22:33:02.3614]|Yuval|INFO|Microsoft.Hosting.Lifetime|Hosting environment: Development 
[2023-05-08 22:33:02.3614]|Yuval|INFO|Microsoft.Hosting.Lifetime|Content root path: C:\Users\Yuval\OneDrive\المستندات\קורס תכנות\TerminalApi 
