[2023-05-09 14:20:04.7485]|Yuval|INFO|Microsoft.Hosting.Lifetime|Now listening on: https://localhost:5001 
[2023-05-09 14:20:04.8278]|Yuval|INFO|Microsoft.Hosting.Lifetime|Now listening on: http://localhost:5256 
[2023-05-09 14:20:04.8330]|Yuval|INFO|Microsoft.Hosting.Lifetime|Application started. Press Ctrl+C to shut down. 
[2023-05-09 14:20:04.8330]|Yuval|INFO|Microsoft.Hosting.Lifetime|Hosting environment: Development 
[2023-05-09 14:20:04.8330]|Yuval|INFO|Microsoft.Hosting.Lifetime|Content root path: C:\Users\Yuval\OneDrive\المستندات\קורס תכנות\TerminalApi 
[2023-05-09 14:27:49.3999]|Yuval|INFO|Microsoft.Hosting.Lifetime|Now listening on: https://localhost:5001 
[2023-05-09 14:27:49.4736]|Yuval|INFO|Microsoft.Hosting.Lifetime|Now listening on: http://localhost:5256 
[2023-05-09 14:27:49.4903]|Yuval|INFO|Microsoft.Hosting.Lifetime|Application started. Press Ctrl+C to shut down. 
[2023-05-09 14:27:49.4903]|Yuval|INFO|Microsoft.Hosting.Lifetime|Hosting environment: Development 
[2023-05-09 14:27:49.4903]|Yuval|INFO|Microsoft.Hosting.Lifetime|Content root path: C:\Users\Yuval\OneDrive\المستندات\קורס תכנות\TerminalApi 
[2023-05-09 14:34:24.5567]|Yuval|INFO|Microsoft.Hosting.Lifetime|Now listening on: https://localhost:5001 
[2023-05-09 14:34:24.6375]|Yuval|INFO|Microsoft.Hosting.Lifetime|Now listening on: http://localhost:5256 
[2023-05-09 14:34:24.6488]|Yuval|INFO|Microsoft.Hosting.Lifetime|Application started. Press Ctrl+C to shut down. 
[2023-05-09 14:34:24.6488]|Yuval|INFO|Microsoft.Hosting.Lifetime|Hosting environment: Development 
[2023-05-09 14:34:24.6488]|Yuval|INFO|Microsoft.Hosting.Lifetime|Content root path: C:\Users\Yuval\OneDrive\المستندات\קורס תכנות\TerminalApi 
[2023-05-09 14:35:38.9496]|Yuval|INFO|Microsoft.Hosting.Lifetime|Now listening on: https://localhost:5001 
[2023-05-09 14:35:39.0342]|Yuval|INFO|Microsoft.Hosting.Lifetime|Now listening on: http://localhost:5256 
[2023-05-09 14:35:39.0342]|Yuval|INFO|Microsoft.Hosting.Lifetime|Application started. Press Ctrl+C to shut down. 
[2023-05-09 14:35:39.0342]|Yuval|INFO|Microsoft.Hosting.Lifetime|Hosting environment: Development 
[2023-05-09 14:35:39.0342]|Yuval|INFO|Microsoft.Hosting.Lifetime|Content root path: C:\Users\Yuval\OneDrive\المستندات\קורס תכנות\TerminalApi 
[2023-05-09 14:40:18.9005]|Yuval|INFO|Microsoft.Hosting.Lifetime|Now listening on: https://localhost:5001 
[2023-05-09 14:40:18.9889]|Yuval|INFO|Microsoft.Hosting.Lifetime|Now listening on: http://localhost:5256 
[2023-05-09 14:40:18.9889]|Yuval|INFO|Microsoft.Hosting.Lifetime|Application started. Press Ctrl+C to shut down. 
[2023-05-09 14:40:18.9889]|Yuval|INFO|Microsoft.Hosting.Lifetime|Hosting environment: Development 
[2023-05-09 14:40:18.9889]|Yuval|INFO|Microsoft.Hosting.Lifetime|Content root path: C:\Users\Yuval\OneDrive\المستندات\קורס תכנות\TerminalApi 
[2023-05-09 14:42:01.7067]|Yuval|INFO|Microsoft.Hosting.Lifetime|Now listening on: https://localhost:5001 
[2023-05-09 14:42:01.8142]|Yuval|INFO|Microsoft.Hosting.Lifetime|Now listening on: http://localhost:5256 
[2023-05-09 14:42:01.8142]|Yuval|INFO|Microsoft.Hosting.Lifetime|Application started. Press Ctrl+C to shut down. 
[2023-05-09 14:42:01.8142]|Yuval|INFO|Microsoft.Hosting.Lifetime|Hosting environment: Development 
[2023-05-09 14:42:01.8142]|Yuval|INFO|Microsoft.Hosting.Lifetime|Content root path: C:\Users\Yuval\OneDrive\المستندات\קורס תכנות\TerminalApi 
[2023-05-09 14:48:34.2861]|Yuval|INFO|Microsoft.Hosting.Lifetime|Now listening on: https://localhost:5001 
[2023-05-09 14:48:34.3892]|Yuval|INFO|Microsoft.Hosting.Lifetime|Now listening on: http://localhost:5256 
[2023-05-09 14:48:34.3949]|Yuval|INFO|Microsoft.Hosting.Lifetime|Application started. Press Ctrl+C to shut down. 
[2023-05-09 14:48:34.3949]|Yuval|INFO|Microsoft.Hosting.Lifetime|Hosting environment: Development 
[2023-05-09 14:48:34.3949]|Yuval|INFO|Microsoft.Hosting.Lifetime|Content root path: C:\Users\Yuval\OneDrive\المستندات\קורס תכנות\TerminalApi 
[2023-05-09 14:54:16.9148]|Yuval|INFO|Microsoft.Hosting.Lifetime|Now listening on: https://localhost:5001 
[2023-05-09 14:54:17.0051]|Yuval|INFO|Microsoft.Hosting.Lifetime|Now listening on: http://localhost:5256 
[2023-05-09 14:54:17.0051]|Yuval|INFO|Microsoft.Hosting.Lifetime|Application started. Press Ctrl+C to shut down. 
[2023-05-09 14:54:17.0051]|Yuval|INFO|Microsoft.Hosting.Lifetime|Hosting environment: Development 
[2023-05-09 14:54:17.0051]|Yuval|INFO|Microsoft.Hosting.Lifetime|Content root path: C:\Users\Yuval\OneDrive\المستندات\קורס תכנות\TerminalApi 
[2023-05-09 14:58:08.0949]|Yuval|INFO|Microsoft.Hosting.Lifetime|Now listening on: https://localhost:5001 
[2023-05-09 14:58:08.1640]|Yuval|INFO|Microsoft.Hosting.Lifetime|Now listening on: http://localhost:5256 
[2023-05-09 14:58:08.1640]|Yuval|INFO|Microsoft.Hosting.Lifetime|Application started. Press Ctrl+C to shut down. 
[2023-05-09 14:58:08.1749]|Yuval|INFO|Microsoft.Hosting.Lifetime|Hosting environment: Development 
[2023-05-09 14:58:08.1749]|Yuval|INFO|Microsoft.Hosting.Lifetime|Content root path: C:\Users\Yuval\OneDrive\المستندات\קורס תכנות\TerminalApi 
[2023-05-09 14:59:40.8873]|Yuval|INFO|Microsoft.Hosting.Lifetime|Now listening on: https://localhost:5001 
[2023-05-09 14:59:40.9641]|Yuval|INFO|Microsoft.Hosting.Lifetime|Now listening on: http://localhost:5256 
[2023-05-09 14:59:40.9694]|Yuval|INFO|Microsoft.Hosting.Lifetime|Application started. Press Ctrl+C to shut down. 
[2023-05-09 14:59:40.9694]|Yuval|INFO|Microsoft.Hosting.Lifetime|Hosting environment: Development 
[2023-05-09 14:59:40.9694]|Yuval|INFO|Microsoft.Hosting.Lifetime|Content root path: C:\Users\Yuval\OneDrive\المستندات\קורס תכנות\TerminalApi 
[2023-05-09 15:12:16.3319]|Yuval|INFO|Microsoft.Hosting.Lifetime|Now listening on: https://localhost:5001 
[2023-05-09 15:12:16.4031]|Yuval|INFO|Microsoft.Hosting.Lifetime|Now listening on: http://localhost:5256 
[2023-05-09 15:12:16.4093]|Yuval|INFO|Microsoft.Hosting.Lifetime|Application started. Press Ctrl+C to shut down. 
[2023-05-09 15:12:16.4093]|Yuval|INFO|Microsoft.Hosting.Lifetime|Hosting environment: Development 
[2023-05-09 15:12:16.4093]|Yuval|INFO|Microsoft.Hosting.Lifetime|Content root path: C:\Users\Yuval\OneDrive\المستندات\קורס תכנות\TerminalApi 
[2023-05-09 15:13:22.3553]|Yuval|INFO|Microsoft.Hosting.Lifetime|Now listening on: https://localhost:5001 
[2023-05-09 15:13:22.4069]|Yuval|INFO|Microsoft.Hosting.Lifetime|Now listening on: http://localhost:5256 
[2023-05-09 15:13:22.4119]|Yuval|INFO|Microsoft.Hosting.Lifetime|Application started. Press Ctrl+C to shut down. 
[2023-05-09 15:13:22.4119]|Yuval|INFO|Microsoft.Hosting.Lifetime|Hosting environment: Development 
[2023-05-09 15:13:22.4119]|Yuval|INFO|Microsoft.Hosting.Lifetime|Content root path: C:\Users\Yuval\OneDrive\المستندات\קורס תכנות\TerminalApi 
[2023-05-09 15:14:21.9239]|Yuval|INFO|Microsoft.Hosting.Lifetime|Now listening on: https://localhost:5001 
[2023-05-09 15:14:22.0189]|Yuval|INFO|Microsoft.Hosting.Lifetime|Now listening on: http://localhost:5256 
[2023-05-09 15:14:22.0189]|Yuval|INFO|Microsoft.Hosting.Lifetime|Application started. Press Ctrl+C to shut down. 
[2023-05-09 15:14:22.0189]|Yuval|INFO|Microsoft.Hosting.Lifetime|Hosting environment: Development 
[2023-05-09 15:14:22.0189]|Yuval|INFO|Microsoft.Hosting.Lifetime|Content root path: C:\Users\Yuval\OneDrive\المستندات\קורס תכנות\TerminalApi 
[2023-05-09 15:18:40.3685]|Yuval|INFO|Microsoft.Hosting.Lifetime|Now listening on: https://localhost:5001 
[2023-05-09 15:18:40.4328]|Yuval|INFO|Microsoft.Hosting.Lifetime|Now listening on: http://localhost:5256 
[2023-05-09 15:18:40.4328]|Yuval|INFO|Microsoft.Hosting.Lifetime|Application started. Press Ctrl+C to shut down. 
[2023-05-09 15:18:40.4398]|Yuval|INFO|Microsoft.Hosting.Lifetime|Hosting environment: Development 
[2023-05-09 15:18:40.4398]|Yuval|INFO|Microsoft.Hosting.Lifetime|Content root path: C:\Users\Yuval\OneDrive\المستندات\קורס תכנות\TerminalApi 
[2023-05-09 15:29:53.8446]|Yuval|INFO|Microsoft.Hosting.Lifetime|Now listening on: https://localhost:5001 
[2023-05-09 15:29:53.9268]|Yuval|INFO|Microsoft.Hosting.Lifetime|Now listening on: http://localhost:5256 
[2023-05-09 15:29:53.9268]|Yuval|INFO|Microsoft.Hosting.Lifetime|Application started. Press Ctrl+C to shut down. 
[2023-05-09 15:29:53.9399]|Yuval|INFO|Microsoft.Hosting.Lifetime|Hosting environment: Development 
[2023-05-09 15:29:53.9399]|Yuval|INFO|Microsoft.Hosting.Lifetime|Content root path: C:\Users\Yuval\OneDrive\المستندات\קורס תכנות\TerminalApi 
[2023-05-09 15:46:59.7453]|Yuval|INFO|Microsoft.Hosting.Lifetime|Now listening on: https://localhost:5001 
[2023-05-09 15:46:59.8094]|Yuval|INFO|Microsoft.Hosting.Lifetime|Now listening on: http://localhost:5256 
[2023-05-09 15:46:59.8173]|Yuval|INFO|Microsoft.Hosting.Lifetime|Application started. Press Ctrl+C to shut down. 
[2023-05-09 15:46:59.8173]|Yuval|INFO|Microsoft.Hosting.Lifetime|Hosting environment: Development 
[2023-05-09 15:46:59.8173]|Yuval|INFO|Microsoft.Hosting.Lifetime|Content root path: C:\Users\Yuval\OneDrive\المستندات\קורס תכנות\TerminalApi 
[2023-05-09 15:48:14.8609]|Yuval|INFO|Microsoft.Hosting.Lifetime|Now listening on: https://localhost:5001 
[2023-05-09 15:48:14.9359]|Yuval|INFO|Microsoft.Hosting.Lifetime|Now listening on: http://localhost:5256 
[2023-05-09 15:48:14.9421]|Yuval|INFO|Microsoft.Hosting.Lifetime|Application started. Press Ctrl+C to shut down. 
[2023-05-09 15:48:14.9421]|Yuval|INFO|Microsoft.Hosting.Lifetime|Hosting environment: Development 
[2023-05-09 15:48:14.9421]|Yuval|INFO|Microsoft.Hosting.Lifetime|Content root path: C:\Users\Yuval\OneDrive\المستندات\קורס תכנות\TerminalApi 
[2023-05-09 15:57:54.5829]|Yuval|INFO|Microsoft.Hosting.Lifetime|Now listening on: https://localhost:5001 
[2023-05-09 15:57:54.7230]|Yuval|INFO|Microsoft.Hosting.Lifetime|Now listening on: http://localhost:5256 
[2023-05-09 15:57:54.7230]|Yuval|INFO|Microsoft.Hosting.Lifetime|Application started. Press Ctrl+C to shut down. 
[2023-05-09 15:57:54.7389]|Yuval|INFO|Microsoft.Hosting.Lifetime|Hosting environment: Development 
[2023-05-09 15:57:54.7389]|Yuval|INFO|Microsoft.Hosting.Lifetime|Content root path: C:\Users\Yuval\OneDrive\المستندات\קורס תכנות\TerminalApi 
[2023-05-09 15:59:48.7028]|Yuval|INFO|Microsoft.Hosting.Lifetime|Now listening on: https://localhost:5001 
[2023-05-09 15:59:48.7886]|Yuval|INFO|Microsoft.Hosting.Lifetime|Now listening on: http://localhost:5256 
[2023-05-09 15:59:48.7886]|Yuval|INFO|Microsoft.Hosting.Lifetime|Application started. Press Ctrl+C to shut down. 
[2023-05-09 15:59:48.7979]|Yuval|INFO|Microsoft.Hosting.Lifetime|Hosting environment: Development 
[2023-05-09 15:59:48.7979]|Yuval|INFO|Microsoft.Hosting.Lifetime|Content root path: C:\Users\Yuval\OneDrive\المستندات\קורס תכנות\TerminalApi 
[2023-05-09 16:09:11.7717]|Yuval|INFO|Microsoft.Hosting.Lifetime|Now listening on: https://localhost:5001 
[2023-05-09 16:09:11.8863]|Yuval|INFO|Microsoft.Hosting.Lifetime|Now listening on: http://localhost:5256 
[2023-05-09 16:09:11.8938]|Yuval|INFO|Microsoft.Hosting.Lifetime|Application started. Press Ctrl+C to shut down. 
[2023-05-09 16:09:11.8938]|Yuval|INFO|Microsoft.Hosting.Lifetime|Hosting environment: Development 
[2023-05-09 16:09:11.8938]|Yuval|INFO|Microsoft.Hosting.Lifetime|Content root path: C:\Users\Yuval\OneDrive\المستندات\קורס תכנות\TerminalApi 
[2023-05-09 16:12:30.9687]|Yuval|INFO|Microsoft.Hosting.Lifetime|Now listening on: https://localhost:5001 
[2023-05-09 16:12:31.0558]|Yuval|INFO|Microsoft.Hosting.Lifetime|Now listening on: http://localhost:5256 
[2023-05-09 16:12:31.0641]|Yuval|INFO|Microsoft.Hosting.Lifetime|Application started. Press Ctrl+C to shut down. 
[2023-05-09 16:12:31.0641]|Yuval|INFO|Microsoft.Hosting.Lifetime|Hosting environment: Development 
[2023-05-09 16:12:31.0641]|Yuval|INFO|Microsoft.Hosting.Lifetime|Content root path: C:\Users\Yuval\OneDrive\المستندات\קורס תכנות\TerminalApi 
[2023-05-09 16:14:28.2414]|Yuval|INFO|Microsoft.Hosting.Lifetime|Now listening on: https://localhost:5001 
[2023-05-09 16:14:28.3265]|Yuval|INFO|Microsoft.Hosting.Lifetime|Now listening on: http://localhost:5256 
[2023-05-09 16:14:28.3349]|Yuval|INFO|Microsoft.Hosting.Lifetime|Application started. Press Ctrl+C to shut down. 
[2023-05-09 16:14:28.3349]|Yuval|INFO|Microsoft.Hosting.Lifetime|Hosting environment: Development 
[2023-05-09 16:14:28.3349]|Yuval|INFO|Microsoft.Hosting.Lifetime|Content root path: C:\Users\Yuval\OneDrive\المستندات\קורס תכנות\TerminalApi 
[2023-05-09 16:23:23.9337]|Yuval|INFO|Microsoft.Hosting.Lifetime|Now listening on: https://localhost:5001 
[2023-05-09 16:23:24.0276]|Yuval|INFO|Microsoft.Hosting.Lifetime|Now listening on: http://localhost:5256 
[2023-05-09 16:23:24.0358]|Yuval|INFO|Microsoft.Hosting.Lifetime|Application started. Press Ctrl+C to shut down. 
[2023-05-09 16:23:24.0358]|Yuval|INFO|Microsoft.Hosting.Lifetime|Hosting environment: Development 
[2023-05-09 16:23:24.0358]|Yuval|INFO|Microsoft.Hosting.Lifetime|Content root path: C:\Users\Yuval\OneDrive\المستندات\קורס תכנות\TerminalApi 
[2023-05-09 16:28:03.2726]|Yuval|INFO|Microsoft.Hosting.Lifetime|Now listening on: https://localhost:5001 
[2023-05-09 16:28:03.4331]|Yuval|INFO|Microsoft.Hosting.Lifetime|Now listening on: http://localhost:5256 
[2023-05-09 16:28:03.4455]|Yuval|INFO|Microsoft.Hosting.Lifetime|Application started. Press Ctrl+C to shut down. 
[2023-05-09 16:28:03.4626]|Yuval|INFO|Microsoft.Hosting.Lifetime|Hosting environment: Development 
[2023-05-09 16:28:03.4626]|Yuval|INFO|Microsoft.Hosting.Lifetime|Content root path: C:\Users\Yuval\OneDrive\المستندات\קורס תכנות\TerminalApi 
[2023-05-09 16:38:19.5770]|Yuval|INFO|Microsoft.Hosting.Lifetime|Now listening on: https://localhost:5001 
[2023-05-09 16:38:19.6565]|Yuval|INFO|Microsoft.Hosting.Lifetime|Now listening on: http://localhost:5256 
[2023-05-09 16:38:19.6717]|Yuval|INFO|Microsoft.Hosting.Lifetime|Application started. Press Ctrl+C to shut down. 
[2023-05-09 16:38:19.6749]|Yuval|INFO|Microsoft.Hosting.Lifetime|Hosting environment: Development 
[2023-05-09 16:38:19.6749]|Yuval|INFO|Microsoft.Hosting.Lifetime|Content root path: C:\Users\Yuval\OneDrive\المستندات\קורס תכנות\TerminalApi 
[2023-05-09 16:41:17.9134]|Yuval|INFO|Microsoft.Hosting.Lifetime|Now listening on: https://localhost:5001 
[2023-05-09 16:41:18.0018]|Yuval|INFO|Microsoft.Hosting.Lifetime|Now listening on: http://localhost:5256 
[2023-05-09 16:41:18.0018]|Yuval|INFO|Microsoft.Hosting.Lifetime|Application started. Press Ctrl+C to shut down. 
[2023-05-09 16:41:18.1797]|Yuval|INFO|Microsoft.Hosting.Lifetime|Hosting environment: Development 
[2023-05-09 16:41:18.1797]|Yuval|INFO|Microsoft.Hosting.Lifetime|Content root path: C:\Users\Yuval\OneDrive\المستندات\קורס תכנות\TerminalApi 
[2023-05-09 16:44:34.3552]|Yuval|INFO|Microsoft.Hosting.Lifetime|Now listening on: https://localhost:5001 
[2023-05-09 16:44:34.4287]|Yuval|INFO|Microsoft.Hosting.Lifetime|Now listening on: http://localhost:5256 
[2023-05-09 16:44:34.4378]|Yuval|INFO|Microsoft.Hosting.Lifetime|Application started. Press Ctrl+C to shut down. 
[2023-05-09 16:44:34.4378]|Yuval|INFO|Microsoft.Hosting.Lifetime|Hosting environment: Development 
[2023-05-09 16:44:34.4378]|Yuval|INFO|Microsoft.Hosting.Lifetime|Content root path: C:\Users\Yuval\OneDrive\المستندات\קורס תכנות\TerminalApi 
[2023-05-09 16:58:15.8887]|Yuval|INFO|Microsoft.Hosting.Lifetime|Now listening on: https://localhost:5001 
[2023-05-09 16:58:15.9588]|Yuval|INFO|Microsoft.Hosting.Lifetime|Now listening on: http://localhost:5256 
[2023-05-09 16:58:15.9588]|Yuval|INFO|Microsoft.Hosting.Lifetime|Application started. Press Ctrl+C to shut down. 
[2023-05-09 16:58:15.9720]|Yuval|INFO|Microsoft.Hosting.Lifetime|Hosting environment: Development 
[2023-05-09 16:58:15.9720]|Yuval|INFO|Microsoft.Hosting.Lifetime|Content root path: C:\Users\Yuval\OneDrive\المستندات\קורס תכנות\TerminalApi 
[2023-05-09 17:00:03.6486]|Yuval|INFO|Microsoft.Hosting.Lifetime|Now listening on: https://localhost:5001 
[2023-05-09 17:00:03.7319]|Yuval|INFO|Microsoft.Hosting.Lifetime|Now listening on: http://localhost:5256 
[2023-05-09 17:00:03.7400]|Yuval|INFO|Microsoft.Hosting.Lifetime|Application started. Press Ctrl+C to shut down. 
[2023-05-09 17:00:03.7400]|Yuval|INFO|Microsoft.Hosting.Lifetime|Hosting environment: Development 
[2023-05-09 17:00:03.7400]|Yuval|INFO|Microsoft.Hosting.Lifetime|Content root path: C:\Users\Yuval\OneDrive\المستندات\קורס תכנות\TerminalApi 
[2023-05-09 17:01:35.3689]|Yuval|INFO|Microsoft.Hosting.Lifetime|Now listening on: https://localhost:5001 
[2023-05-09 17:01:35.4374]|Yuval|INFO|Microsoft.Hosting.Lifetime|Now listening on: http://localhost:5256 
[2023-05-09 17:01:35.4444]|Yuval|INFO|Microsoft.Hosting.Lifetime|Application started. Press Ctrl+C to shut down. 
[2023-05-09 17:01:35.4444]|Yuval|INFO|Microsoft.Hosting.Lifetime|Hosting environment: Development 
[2023-05-09 17:01:35.4444]|Yuval|INFO|Microsoft.Hosting.Lifetime|Content root path: C:\Users\Yuval\OneDrive\المستندات\קורס תכנות\TerminalApi 
