[2023-05-06 18:21:45.6517]|Yuval|INFO|Microsoft.Hosting.Lifetime|Now listening on: https://localhost:7018 
[2023-05-06 18:21:45.7105]|Yuval|INFO|Microsoft.Hosting.Lifetime|Now listening on: http://localhost:5256 
[2023-05-06 18:21:45.7105]|Yuval|INFO|Microsoft.Hosting.Lifetime|Application started. Press Ctrl+C to shut down. 
[2023-05-06 18:21:45.7105]|Yuval|INFO|Microsoft.Hosting.Lifetime|Hosting environment: Development 
[2023-05-06 18:21:45.7105]|Yuval|INFO|Microsoft.Hosting.Lifetime|Content root path: C:\Users\Yuval\OneDrive\المستندات\קורס תכנות\TerminalApi 
[2023-05-06 18:26:04.1242]|Yuval|INFO|Microsoft.Hosting.Lifetime|Now listening on: https://localhost:7018 
[2023-05-06 18:26:04.1709]|Yuval|INFO|Microsoft.Hosting.Lifetime|Now listening on: http://localhost:5256 
[2023-05-06 18:26:04.1741]|Yuval|INFO|Microsoft.Hosting.Lifetime|Application started. Press Ctrl+C to shut down. 
[2023-05-06 18:26:04.1741]|Yuval|INFO|Microsoft.Hosting.Lifetime|Hosting environment: Development 
[2023-05-06 18:26:04.1741]|Yuval|INFO|Microsoft.Hosting.Lifetime|Content root path: C:\Users\Yuval\OneDrive\المستندات\קורס תכנות\TerminalApi 
[2023-05-06 18:32:16.5495]|Yuval|INFO|Microsoft.Hosting.Lifetime|Now listening on: https://localhost:7018 
[2023-05-06 18:32:16.6451]|Yuval|INFO|Microsoft.Hosting.Lifetime|Now listening on: http://localhost:5256 
[2023-05-06 18:32:16.6451]|Yuval|INFO|Microsoft.Hosting.Lifetime|Application started. Press Ctrl+C to shut down. 
[2023-05-06 18:32:16.6584]|Yuval|INFO|Microsoft.Hosting.Lifetime|Hosting environment: Development 
[2023-05-06 18:32:16.6584]|Yuval|INFO|Microsoft.Hosting.Lifetime|Content root path: C:\Users\Yuval\OneDrive\المستندات\קורס תכנות\TerminalApi 
[2023-05-06 18:34:53.4327]|Yuval|INFO|Microsoft.Hosting.Lifetime|Now listening on: https://localhost:7018 
[2023-05-06 18:34:53.6096]|Yuval|INFO|Microsoft.Hosting.Lifetime|Now listening on: http://localhost:5256 
[2023-05-06 18:34:53.6209]|Yuval|INFO|Microsoft.Hosting.Lifetime|Application started. Press Ctrl+C to shut down. 
[2023-05-06 18:34:53.6273]|Yuval|INFO|Microsoft.Hosting.Lifetime|Hosting environment: Development 
[2023-05-06 18:34:53.6273]|Yuval|INFO|Microsoft.Hosting.Lifetime|Content root path: C:\Users\Yuval\OneDrive\المستندات\קורס תכנות\TerminalApi 
[2023-05-06 18:40:56.1870]|Yuval|INFO|Microsoft.Hosting.Lifetime|Now listening on: https://localhost:7018 
[2023-05-06 18:40:56.2543]|Yuval|INFO|Microsoft.Hosting.Lifetime|Now listening on: http://localhost:5256 
[2023-05-06 18:40:56.2543]|Yuval|INFO|Microsoft.Hosting.Lifetime|Application started. Press Ctrl+C to shut down. 
[2023-05-06 18:40:56.2543]|Yuval|INFO|Microsoft.Hosting.Lifetime|Hosting environment: Development 
[2023-05-06 18:40:56.2543]|Yuval|INFO|Microsoft.Hosting.Lifetime|Content root path: C:\Users\Yuval\OneDrive\المستندات\קורס תכנות\TerminalApi 
[2023-05-06 18:48:55.5273]|Yuval|INFO|Microsoft.Hosting.Lifetime|Now listening on: https://localhost:5001 
[2023-05-06 18:48:55.5725]|Yuval|INFO|Microsoft.Hosting.Lifetime|Now listening on: http://localhost:5256 
[2023-05-06 18:48:55.5725]|Yuval|INFO|Microsoft.Hosting.Lifetime|Application started. Press Ctrl+C to shut down. 
[2023-05-06 18:48:55.5798]|Yuval|INFO|Microsoft.Hosting.Lifetime|Hosting environment: Development 
[2023-05-06 18:48:55.5798]|Yuval|INFO|Microsoft.Hosting.Lifetime|Content root path: C:\Users\Yuval\OneDrive\المستندات\קורס תכנות\TerminalApi 
[2023-05-06 18:57:38.3655]|Yuval|INFO|Microsoft.Hosting.Lifetime|Now listening on: https://localhost:5001 
[2023-05-06 18:57:38.4953]|Yuval|INFO|Microsoft.Hosting.Lifetime|Now listening on: http://localhost:5256 
[2023-05-06 18:57:38.5136]|Yuval|INFO|Microsoft.Hosting.Lifetime|Application started. Press Ctrl+C to shut down. 
[2023-05-06 18:57:38.5230]|Yuval|INFO|Microsoft.Hosting.Lifetime|Hosting environment: Development 
[2023-05-06 18:57:38.5230]|Yuval|INFO|Microsoft.Hosting.Lifetime|Content root path: C:\Users\Yuval\OneDrive\المستندات\קורס תכנות\TerminalApi 
[2023-05-06 19:01:31.2128]|Yuval|INFO|Microsoft.Hosting.Lifetime|Now listening on: https://localhost:5001 
[2023-05-06 19:01:31.3212]|Yuval|INFO|Microsoft.Hosting.Lifetime|Now listening on: http://localhost:5256 
[2023-05-06 19:01:31.3212]|Yuval|INFO|Microsoft.Hosting.Lifetime|Application started. Press Ctrl+C to shut down. 
[2023-05-06 19:01:31.3300]|Yuval|INFO|Microsoft.Hosting.Lifetime|Hosting environment: Development 
[2023-05-06 19:01:31.3300]|Yuval|INFO|Microsoft.Hosting.Lifetime|Content root path: C:\Users\Yuval\OneDrive\المستندات\קורס תכנות\TerminalApi 
[2023-05-06 19:02:29.2601]|Yuval|INFO|Microsoft.Hosting.Lifetime|Now listening on: https://localhost:5001 
[2023-05-06 19:02:29.3830]|Yuval|INFO|Microsoft.Hosting.Lifetime|Now listening on: http://localhost:5256 
[2023-05-06 19:02:29.3923]|Yuval|INFO|Microsoft.Hosting.Lifetime|Application started. Press Ctrl+C to shut down. 
[2023-05-06 19:02:29.3923]|Yuval|INFO|Microsoft.Hosting.Lifetime|Hosting environment: Development 
[2023-05-06 19:02:29.3923]|Yuval|INFO|Microsoft.Hosting.Lifetime|Content root path: C:\Users\Yuval\OneDrive\المستندات\קורס תכנות\TerminalApi 
[2023-05-06 19:03:08.4925]|Yuval|INFO|Microsoft.Hosting.Lifetime|Now listening on: https://localhost:5001 
[2023-05-06 19:03:08.5855]|Yuval|INFO|Microsoft.Hosting.Lifetime|Now listening on: http://localhost:5256 
[2023-05-06 19:03:08.5855]|Yuval|INFO|Microsoft.Hosting.Lifetime|Application started. Press Ctrl+C to shut down. 
[2023-05-06 19:03:08.5962]|Yuval|INFO|Microsoft.Hosting.Lifetime|Hosting environment: Development 
[2023-05-06 19:03:08.5962]|Yuval|INFO|Microsoft.Hosting.Lifetime|Content root path: C:\Users\Yuval\OneDrive\المستندات\קורס תכנות\TerminalApi 
[2023-05-06 19:52:34.3741]|Yuval|INFO|Microsoft.Hosting.Lifetime|Now listening on: https://localhost:5001 
[2023-05-06 19:52:34.4002]|Yuval|INFO|Microsoft.Hosting.Lifetime|Now listening on: http://localhost:5256 
[2023-05-06 19:52:34.4002]|Yuval|INFO|Microsoft.Hosting.Lifetime|Application started. Press Ctrl+C to shut down. 
[2023-05-06 19:52:34.4002]|Yuval|INFO|Microsoft.Hosting.Lifetime|Hosting environment: Development 
[2023-05-06 19:52:34.4002]|Yuval|INFO|Microsoft.Hosting.Lifetime|Content root path: C:\Users\Yuval\OneDrive\المستندات\קורס תכנות\TerminalApi 
[2023-05-06 19:59:54.6090]|Yuval|INFO|Microsoft.Hosting.Lifetime|Now listening on: https://localhost:5001 
[2023-05-06 19:59:54.6750]|Yuval|INFO|Microsoft.Hosting.Lifetime|Now listening on: http://localhost:5256 
[2023-05-06 19:59:54.6750]|Yuval|INFO|Microsoft.Hosting.Lifetime|Application started. Press Ctrl+C to shut down. 
[2023-05-06 19:59:54.6750]|Yuval|INFO|Microsoft.Hosting.Lifetime|Hosting environment: Development 
[2023-05-06 19:59:54.6750]|Yuval|INFO|Microsoft.Hosting.Lifetime|Content root path: C:\Users\Yuval\OneDrive\المستندات\קורס תכנות\TerminalApi 
[2023-05-06 20:57:44.5903]|Yuval|INFO|Microsoft.Hosting.Lifetime|Now listening on: https://localhost:5001 
[2023-05-06 20:57:44.6070]|Yuval|INFO|Microsoft.Hosting.Lifetime|Now listening on: http://localhost:5256 
[2023-05-06 20:57:44.6070]|Yuval|INFO|Microsoft.Hosting.Lifetime|Application started. Press Ctrl+C to shut down. 
[2023-05-06 20:57:44.6070]|Yuval|INFO|Microsoft.Hosting.Lifetime|Hosting environment: Development 
[2023-05-06 20:57:44.6070]|Yuval|INFO|Microsoft.Hosting.Lifetime|Content root path: C:\Users\Yuval\OneDrive\المستندات\קורס תכנות\TerminalApi 
[2023-05-06 20:58:25.7374]|Yuval|INFO|Microsoft.Hosting.Lifetime|Now listening on: https://localhost:5001 
[2023-05-06 20:58:25.8150]|Yuval|INFO|Microsoft.Hosting.Lifetime|Now listening on: http://localhost:5256 
[2023-05-06 20:58:25.8150]|Yuval|INFO|Microsoft.Hosting.Lifetime|Application started. Press Ctrl+C to shut down. 
[2023-05-06 20:58:25.8150]|Yuval|INFO|Microsoft.Hosting.Lifetime|Hosting environment: Development 
[2023-05-06 20:58:25.8150]|Yuval|INFO|Microsoft.Hosting.Lifetime|Content root path: C:\Users\Yuval\OneDrive\المستندات\קורס תכנות\TerminalApi 
[2023-05-06 20:59:10.5163]|Yuval|INFO|Microsoft.Hosting.Lifetime|Now listening on: https://localhost:5001 
[2023-05-06 20:59:10.5613]|Yuval|INFO|Microsoft.Hosting.Lifetime|Now listening on: http://localhost:5256 
[2023-05-06 20:59:10.5645]|Yuval|INFO|Microsoft.Hosting.Lifetime|Application started. Press Ctrl+C to shut down. 
[2023-05-06 20:59:10.5645]|Yuval|INFO|Microsoft.Hosting.Lifetime|Hosting environment: Development 
[2023-05-06 20:59:10.5645]|Yuval|INFO|Microsoft.Hosting.Lifetime|Content root path: C:\Users\Yuval\OneDrive\المستندات\קורס תכנות\TerminalApi 
[2023-05-06 21:06:29.4017]|Yuval|INFO|Microsoft.Hosting.Lifetime|Now listening on: https://localhost:5001 
[2023-05-06 21:06:29.4738]|Yuval|INFO|Microsoft.Hosting.Lifetime|Now listening on: http://localhost:5256 
[2023-05-06 21:06:29.4738]|Yuval|INFO|Microsoft.Hosting.Lifetime|Application started. Press Ctrl+C to shut down. 
[2023-05-06 21:06:29.4738]|Yuval|INFO|Microsoft.Hosting.Lifetime|Hosting environment: Development 
[2023-05-06 21:06:29.4738]|Yuval|INFO|Microsoft.Hosting.Lifetime|Content root path: C:\Users\Yuval\OneDrive\المستندات\קורס תכנות\TerminalApi 
[2023-05-06 21:17:43.6497]|Yuval|INFO|Microsoft.Hosting.Lifetime|Now listening on: https://localhost:5001 
[2023-05-06 21:17:43.7083]|Yuval|INFO|Microsoft.Hosting.Lifetime|Now listening on: http://localhost:5256 
[2023-05-06 21:17:43.7083]|Yuval|INFO|Microsoft.Hosting.Lifetime|Application started. Press Ctrl+C to shut down. 
[2023-05-06 21:17:43.7083]|Yuval|INFO|Microsoft.Hosting.Lifetime|Hosting environment: Development 
[2023-05-06 21:17:43.7083]|Yuval|INFO|Microsoft.Hosting.Lifetime|Content root path: C:\Users\Yuval\OneDrive\المستندات\קורס תכנות\TerminalApi 
[2023-05-06 22:24:20.4426]|Yuval|INFO|Microsoft.Hosting.Lifetime|Now listening on: https://localhost:5001 
[2023-05-06 22:24:20.4979]|Yuval|INFO|Microsoft.Hosting.Lifetime|Now listening on: http://localhost:5256 
[2023-05-06 22:24:20.5031]|Yuval|INFO|Microsoft.Hosting.Lifetime|Application started. Press Ctrl+C to shut down. 
[2023-05-06 22:24:20.5031]|Yuval|INFO|Microsoft.Hosting.Lifetime|Hosting environment: Development 
[2023-05-06 22:24:20.5031]|Yuval|INFO|Microsoft.Hosting.Lifetime|Content root path: C:\Users\Yuval\OneDrive\المستندات\קורס תכנות\TerminalApi 
[2023-05-06 22:32:02.3324]|Yuval|INFO|Microsoft.Hosting.Lifetime|Now listening on: https://localhost:5001 
[2023-05-06 22:32:02.4027]|Yuval|INFO|Microsoft.Hosting.Lifetime|Now listening on: http://localhost:5256 
[2023-05-06 22:32:02.4080]|Yuval|INFO|Microsoft.Hosting.Lifetime|Application started. Press Ctrl+C to shut down. 
[2023-05-06 22:32:02.4080]|Yuval|INFO|Microsoft.Hosting.Lifetime|Hosting environment: Development 
[2023-05-06 22:32:02.4080]|Yuval|INFO|Microsoft.Hosting.Lifetime|Content root path: C:\Users\Yuval\OneDrive\المستندات\קורס תכנות\TerminalApi 
[2023-05-06 22:34:02.0764]|Yuval|INFO|Microsoft.Hosting.Lifetime|Now listening on: https://localhost:5001 
[2023-05-06 22:34:02.1604]|Yuval|INFO|Microsoft.Hosting.Lifetime|Now listening on: http://localhost:5256 
[2023-05-06 22:34:02.1604]|Yuval|INFO|Microsoft.Hosting.Lifetime|Application started. Press Ctrl+C to shut down. 
[2023-05-06 22:34:02.1736]|Yuval|INFO|Microsoft.Hosting.Lifetime|Hosting environment: Development 
[2023-05-06 22:34:02.1736]|Yuval|INFO|Microsoft.Hosting.Lifetime|Content root path: C:\Users\Yuval\OneDrive\المستندات\קורס תכנות\TerminalApi 
[2023-05-06 22:38:12.5374]|Yuval|INFO|Microsoft.Hosting.Lifetime|Now listening on: https://localhost:5001 
[2023-05-06 22:38:12.5976]|Yuval|INFO|Microsoft.Hosting.Lifetime|Now listening on: http://localhost:5256 
[2023-05-06 22:38:12.5976]|Yuval|INFO|Microsoft.Hosting.Lifetime|Application started. Press Ctrl+C to shut down. 
[2023-05-06 22:38:12.5976]|Yuval|INFO|Microsoft.Hosting.Lifetime|Hosting environment: Development 
[2023-05-06 22:38:12.5976]|Yuval|INFO|Microsoft.Hosting.Lifetime|Content root path: C:\Users\Yuval\OneDrive\المستندات\קורס תכנות\TerminalApi 
[2023-05-06 22:40:31.1995]|Yuval|INFO|Microsoft.Hosting.Lifetime|Now listening on: https://localhost:5001 
[2023-05-06 22:40:31.2737]|Yuval|INFO|Microsoft.Hosting.Lifetime|Now listening on: http://localhost:5256 
[2023-05-06 22:40:31.2824]|Yuval|INFO|Microsoft.Hosting.Lifetime|Application started. Press Ctrl+C to shut down. 
[2023-05-06 22:40:31.2824]|Yuval|INFO|Microsoft.Hosting.Lifetime|Hosting environment: Development 
[2023-05-06 22:40:31.2824]|Yuval|INFO|Microsoft.Hosting.Lifetime|Content root path: C:\Users\Yuval\OneDrive\المستندات\קורס תכנות\TerminalApi 
[2023-05-06 22:41:45.9401]|Yuval|INFO|Microsoft.Hosting.Lifetime|Now listening on: https://localhost:5001 
[2023-05-06 22:41:46.0038]|Yuval|INFO|Microsoft.Hosting.Lifetime|Now listening on: http://localhost:5256 
[2023-05-06 22:41:46.0038]|Yuval|INFO|Microsoft.Hosting.Lifetime|Application started. Press Ctrl+C to shut down. 
[2023-05-06 22:41:46.0176]|Yuval|INFO|Microsoft.Hosting.Lifetime|Hosting environment: Development 
[2023-05-06 22:41:46.0176]|Yuval|INFO|Microsoft.Hosting.Lifetime|Content root path: C:\Users\Yuval\OneDrive\المستندات\קורס תכנות\TerminalApi 
[2023-05-06 22:43:03.7297]|Yuval|INFO|Microsoft.Hosting.Lifetime|Now listening on: https://localhost:5001 
[2023-05-06 22:43:03.7872]|Yuval|INFO|Microsoft.Hosting.Lifetime|Now listening on: http://localhost:5256 
[2023-05-06 22:43:03.7872]|Yuval|INFO|Microsoft.Hosting.Lifetime|Application started. Press Ctrl+C to shut down. 
[2023-05-06 22:43:03.7872]|Yuval|INFO|Microsoft.Hosting.Lifetime|Hosting environment: Development 
[2023-05-06 22:43:03.7872]|Yuval|INFO|Microsoft.Hosting.Lifetime|Content root path: C:\Users\Yuval\OneDrive\المستندات\קורס תכנות\TerminalApi 
[2023-05-06 22:45:14.2406]|Yuval|INFO|Microsoft.Hosting.Lifetime|Now listening on: https://localhost:5001 
[2023-05-06 22:45:14.3470]|Yuval|INFO|Microsoft.Hosting.Lifetime|Now listening on: http://localhost:5256 
[2023-05-06 22:45:14.3470]|Yuval|INFO|Microsoft.Hosting.Lifetime|Application started. Press Ctrl+C to shut down. 
[2023-05-06 22:45:14.3470]|Yuval|INFO|Microsoft.Hosting.Lifetime|Hosting environment: Development 
[2023-05-06 22:45:14.3601]|Yuval|INFO|Microsoft.Hosting.Lifetime|Content root path: C:\Users\Yuval\OneDrive\المستندات\קורס תכנות\TerminalApi 
[2023-05-06 22:45:42.4092]|Yuval|INFO|Microsoft.Hosting.Lifetime|Now listening on: https://localhost:5001 
[2023-05-06 22:45:42.4772]|Yuval|INFO|Microsoft.Hosting.Lifetime|Now listening on: http://localhost:5256 
[2023-05-06 22:45:42.4772]|Yuval|INFO|Microsoft.Hosting.Lifetime|Application started. Press Ctrl+C to shut down. 
[2023-05-06 22:45:42.4866]|Yuval|INFO|Microsoft.Hosting.Lifetime|Hosting environment: Development 
[2023-05-06 22:45:42.4866]|Yuval|INFO|Microsoft.Hosting.Lifetime|Content root path: C:\Users\Yuval\OneDrive\المستندات\קורס תכנות\TerminalApi 
[2023-05-06 22:48:03.7250]|Yuval|INFO|Microsoft.Hosting.Lifetime|Now listening on: https://localhost:5001 
[2023-05-06 22:48:03.7983]|Yuval|INFO|Microsoft.Hosting.Lifetime|Now listening on: http://localhost:5256 
[2023-05-06 22:48:03.7983]|Yuval|INFO|Microsoft.Hosting.Lifetime|Application started. Press Ctrl+C to shut down. 
[2023-05-06 22:48:03.7983]|Yuval|INFO|Microsoft.Hosting.Lifetime|Hosting environment: Development 
[2023-05-06 22:48:03.7983]|Yuval|INFO|Microsoft.Hosting.Lifetime|Content root path: C:\Users\Yuval\OneDrive\المستندات\קורס תכנות\TerminalApi 
[2023-05-06 22:50:03.7796]|Yuval|INFO|Microsoft.Hosting.Lifetime|Now listening on: https://localhost:5001 
[2023-05-06 22:50:03.8447]|Yuval|INFO|Microsoft.Hosting.Lifetime|Now listening on: http://localhost:5256 
[2023-05-06 22:50:03.8447]|Yuval|INFO|Microsoft.Hosting.Lifetime|Application started. Press Ctrl+C to shut down. 
[2023-05-06 22:50:03.8447]|Yuval|INFO|Microsoft.Hosting.Lifetime|Hosting environment: Development 
[2023-05-06 22:50:03.8447]|Yuval|INFO|Microsoft.Hosting.Lifetime|Content root path: C:\Users\Yuval\OneDrive\المستندات\קורס תכנות\TerminalApi 
[2023-05-06 22:52:04.0921]|Yuval|INFO|Microsoft.Hosting.Lifetime|Now listening on: https://localhost:5001 
[2023-05-06 22:52:04.2949]|Yuval|INFO|Microsoft.Hosting.Lifetime|Now listening on: http://localhost:5256 
[2023-05-06 22:52:04.3097]|Yuval|INFO|Microsoft.Hosting.Lifetime|Application started. Press Ctrl+C to shut down. 
[2023-05-06 22:52:04.3097]|Yuval|INFO|Microsoft.Hosting.Lifetime|Hosting environment: Development 
[2023-05-06 22:52:04.3203]|Yuval|INFO|Microsoft.Hosting.Lifetime|Content root path: C:\Users\Yuval\OneDrive\المستندات\קורס תכנות\TerminalApi 
